# JRE version: Java(TM) SE Runtime Environment (8.0_151-b12) (build 1.8.0_151-b12)
# Java VM: Java HotSpot(TM) 64-Bit Server VM (25.151-b12 mixed mode windows-amd64 compressed oops)
Heap:
 PSYoungGen      total 148480K, used 4754K [0x00000000d6e00000, 0x00000000e0b00000, 0x0000000100000000)
  eden space 137728K, 3% used [0x00000000d6e00000,0x00000000d72a4970,0x00000000df480000)
  from space 10752K, 0% used [0x00000000dff80000,0x00000000dff80000,0x00000000e0a00000)
  to   space 11264K, 0% used [0x00000000df480000,0x00000000df480000,0x00000000dff80000)
 ParOldGen       total 62976K, used 17187K [0x0000000084a00000, 0x0000000088780000, 0x00000000d6e00000)
  object space 62976K, 27% used [0x0000000084a00000,0x0000000085ac8e30,0x0000000088780000)
 Metaspace       used 25446K, capacity 26104K, committed 26240K, reserved 1073152K
  class space    used 2971K, capacity 3179K, committed 3200K, reserved 1048576K
GC Heap History (10 events):
Event: 4.627 GC heap before
{Heap before GC invocations=6 (full 1):
 PSYoungGen      total 68608K, used 5104K [0x00000000d6e00000, 0x00000000dfd00000, 0x0000000100000000)
  eden space 63488K, 0% used [0x00000000d6e00000,0x00000000d6e00000,0x00000000dac00000)
  from space 5120K, 99% used [0x00000000dac00000,0x00000000db0fc020,0x00000000db100000)
  to   space 9728K, 0% used [0x00000000df380000,0x00000000df380000,0x00000000dfd00000)
 ParOldGen       total 84992K, used 9149K [0x0000000084a00000, 0x0000000089d00000, 0x00000000d6e00000)
  object space 84992K, 10% used [0x0000000084a00000,0x00000000852ef640,0x0000000089d00000)
 Metaspace       used 20707K, capacity 21094K, committed 21248K, reserved 1067008K
  class space    used 2554K, capacity 2745K, committed 2816K, reserved 1048576K
Event: 4.691 GC heap after
Heap after GC invocations=6 (full 1):
 PSYoungGen      total 68608K, used 0K [0x00000000d6e00000, 0x00000000dfd00000, 0x0000000100000000)
  eden space 63488K, 0% used [0x00000000d6e00000,0x00000000d6e00000,0x00000000dac00000)
  from space 5120K, 0% used [0x00000000dac00000,0x00000000dac00000,0x00000000db100000)
  to   space 9728K, 0% used [0x00000000df380000,0x00000000df380000,0x00000000dfd00000)
 ParOldGen       total 62976K, used 10937K [0x0000000084a00000, 0x0000000088780000, 0x00000000d6e00000)
  object space 62976K, 17% used [0x0000000084a00000,0x00000000854ae6d8,0x0000000088780000)
 Metaspace       used 20707K, capacity 21094K, committed 21248K, reserved 1067008K
  class space    used 2554K, capacity 2745K, committed 2816K, reserved 1048576K
}
Event: 14.827 GC heap before
{Heap before GC invocations=7 (full 1):
 PSYoungGen      total 68608K, used 63488K [0x00000000d6e00000, 0x00000000dfd00000, 0x0000000100000000)
  eden space 63488K, 100% used [0x00000000d6e00000,0x00000000dac00000,0x00000000dac00000)
  from space 5120K, 0% used [0x00000000dac00000,0x00000000dac00000,0x00000000db100000)
  to   space 9728K, 0% used [0x00000000df380000,0x00000000df380000,0x00000000dfd00000)
 ParOldGen       total 62976K, used 10937K [0x0000000084a00000, 0x0000000088780000, 0x00000000d6e00000)
  object space 62976K, 17% used [0x0000000084a00000,0x00000000854ae6d8,0x0000000088780000)
 Metaspace       used 22718K, capacity 23150K, committed 23424K, reserved 1069056K
  class space    used 2729K, capacity 2885K, committed 2944K, reserved 1048576K
Event: 14.893 GC heap after
Heap after GC invocations=7 (full 1):
 PSYoungGen      total 100352K, used 6459K [0x00000000d6e00000, 0x00000000dfa00000, 0x0000000100000000)
  eden space 93696K, 0% used [0x00000000d6e00000,0x00000000d6e00000,0x00000000dc980000)
  from space 6656K, 97% used [0x00000000df380000,0x00000000df9ceeb8,0x00000000dfa00000)
  to   space 9216K, 0% used [0x00000000de800000,0x00000000de800000,0x00000000df100000)
 ParOldGen       total 62976K, used 10945K [0x0000000084a00000, 0x0000000088780000, 0x00000000d6e00000)
  object space 62976K, 17% used [0x0000000084a00000,0x00000000854b06d8,0x0000000088780000)
 Metaspace       used 22718K, capacity 23150K, committed 23424K, reserved 1069056K
  class space    used 2729K, capacity 2885K, committed 2944K, reserved 1048576K
}
Event: 18.699 GC heap before
{Heap before GC invocations=8 (full 1):
 PSYoungGen      total 100352K, used 100155K [0x00000000d6e00000, 0x00000000dfa00000, 0x0000000100000000)
  eden space 93696K, 100% used [0x00000000d6e00000,0x00000000dc980000,0x00000000dc980000)
  from space 6656K, 97% used [0x00000000df380000,0x00000000df9ceeb8,0x00000000dfa00000)
  to   space 9216K, 0% used [0x00000000de800000,0x00000000de800000,0x00000000df100000)
 ParOldGen       total 62976K, used 10945K [0x0000000084a00000, 0x0000000088780000, 0x00000000d6e00000)
  object space 62976K, 17% used [0x0000000084a00000,0x00000000854b06d8,0x0000000088780000)
 Metaspace       used 24430K, capacity 25158K, committed 25472K, reserved 1071104K
  class space    used 2881K, capacity 3081K, committed 3200K, reserved 1048576K
Event: 18.749 GC heap after
Heap after GC invocations=8 (full 1):
 PSYoungGen      total 134144K, used 9209K [0x00000000d6e00000, 0x00000000e0a00000, 0x0000000100000000)
  eden space 124928K, 0% used [0x00000000d6e00000,0x00000000d6e00000,0x00000000de800000)
  from space 9216K, 99% used [0x00000000de800000,0x00000000df0fe420,0x00000000df100000)
  to   space 10752K, 0% used [0x00000000dff80000,0x00000000dff80000,0x00000000e0a00000)
 ParOldGen       total 62976K, used 12238K [0x0000000084a00000, 0x0000000088780000, 0x00000000d6e00000)
  object space 62976K, 19% used [0x0000000084a00000,0x00000000855f3ad8,0x0000000088780000)
 Metaspace       used 24430K, capacity 25158K, committed 25472K, reserved 1071104K
  class space    used 2881K, capacity 3081K, committed 3200K, reserved 1048576K
}
Event: 19.344 GC heap before
{Heap before GC invocations=9 (full 1):
 PSYoungGen      total 134144K, used 28029K [0x00000000d6e00000, 0x00000000e0a00000, 0x0000000100000000)
  eden space 124928K, 15% used [0x00000000d6e00000,0x00000000d8061170,0x00000000de800000)
  from space 9216K, 99% used [0x00000000de800000,0x00000000df0fe420,0x00000000df100000)
  to   space 10752K, 0% used [0x00000000dff80000,0x00000000dff80000,0x00000000e0a00000)
 ParOldGen       total 62976K, used 12238K [0x0000000084a00000, 0x0000000088780000, 0x00000000d6e00000)
  object space 62976K, 19% used [0x0000000084a00000,0x00000000855f3ad8,0x0000000088780000)
 Metaspace       used 25432K, capacity 26104K, committed 26240K, reserved 1073152K
  class space    used 2970K, capacity 3179K, committed 3200K, reserved 1048576K
Event: 19.377 GC heap after
Heap after GC invocations=9 (full 1):
 PSYoungGen      total 148480K, used 9458K [0x00000000d6e00000, 0x00000000e0b00000, 0x0000000100000000)
  eden space 137728K, 0% used [0x00000000d6e00000,0x00000000d6e00000,0x00000000df480000)
  from space 10752K, 87% used [0x00000000dff80000,0x00000000e08bcbb0,0x00000000e0a00000)
  to   space 11264K, 0% used [0x00000000df480000,0x00000000df480000,0x00000000dff80000)
 ParOldGen       total 62976K, used 12246K [0x0000000084a00000, 0x0000000088780000, 0x00000000d6e00000)
  object space 62976K, 19% used [0x0000000084a00000,0x00000000855f5ad8,0x0000000088780000)
 Metaspace       used 25432K, capacity 26104K, committed 26240K, reserved 1073152K
  class space    used 2970K, capacity 3179K, committed 3200K, reserved 1048576K
}
Event: 19.377 GC heap before
{Heap before GC invocations=10 (full 2):
 PSYoungGen      total 148480K, used 9458K [0x00000000d6e00000, 0x00000000e0b00000, 0x0000000100000000)
  eden space 137728K, 0% used [0x00000000d6e00000,0x00000000d6e00000,0x00000000df480000)
  from space 10752K, 87% used [0x00000000dff80000,0x00000000e08bcbb0,0x00000000e0a00000)
  to   space 11264K, 0% used [0x00000000df480000,0x00000000df480000,0x00000000dff80000)
 ParOldGen       total 62976K, used 12246K [0x0000000084a00000, 0x0000000088780000, 0x00000000d6e00000)
  object space 62976K, 19% used [0x0000000084a00000,0x00000000855f5ad8,0x0000000088780000)
 Metaspace       used 25432K, capacity 26104K, committed 26240K, reserved 1073152K
  class space    used 2970K, capacity 3179K, committed 3200K, reserved 1048576K
Event: 19.535 GC heap after
Heap after GC invocations=10 (full 2):
 PSYoungGen      total 148480K, used 0K [0x00000000d6e00000, 0x00000000e0b00000, 0x0000000100000000)
  eden space 137728K, 0% used [0x00000000d6e00000,0x00000000d6e00000,0x00000000df480000)
  from space 10752K, 0% used [0x00000000dff80000,0x00000000dff80000,0x00000000e0a00000)
  to   space 11264K, 0% used [0x00000000df480000,0x00000000df480000,0x00000000dff80000)
 ParOldGen       total 62976K, used 17187K [0x0000000084a00000, 0x0000000088780000, 0x00000000d6e00000)
  object space 62976K, 27% used [0x0000000084a00000,0x0000000085ac8e30,0x0000000088780000)
 Metaspace       used 25432K, capacity 26104K, committed 26240K, reserved 1073152K
  class space    used 2970K, capacity 3179K, committed 3200K, reserved 1048576K
}

